## Footprint report - date 2026-05-12T19:57:44
## Printed by KiCad version 10.0.1
## Unit = mm, Angle = deg.

$BeginDESCRIPTION

$BOARD
upper_left_corner 30.517857 26.525000
$EndBOARD

$MODULE C1
reference C1
value 100u
footprint Capacitor_THT:CP_Radial_D6.3mm_P2.50mm
attribut none
position 80.814879 35.500000  orientation 90.00
layer front
$PAD "1"
Shape Roundrect Layer both
position  0.000000  0.000000 size  1.600000  1.600000 orientation 90.00
drill  0.800000
shape_offset  0.000000  0.000000
$EndPAD
$PAD "2"
Shape Circle Layer both
position  2.500000  0.000000 size  1.600000  1.600000 orientation 90.00
drill  0.800000
shape_offset  0.000000  0.000000
$EndPAD
$EndMODULE C1

$MODULE C2
reference C2
value 100u
footprint Capacitor_THT:CP_Radial_D6.3mm_P2.50mm
attribut none
position 88.664879 33.000000  orientation -90.00
layer front
$PAD "1"
Shape Roundrect Layer both
position  0.000000  0.000000 size  1.600000  1.600000 orientation 270.00
drill  0.800000
shape_offset  0.000000  0.000000
$EndPAD
$PAD "2"
Shape Circle Layer both
position  2.500000  0.000000 size  1.600000  1.600000 orientation 270.00
drill  0.800000
shape_offset  0.000000  0.000000
$EndPAD
$EndMODULE C2

$MODULE CON1
reference CON1
value B4B-ZR
footprint B4B-ZR:B4B-ZR
attribut none
position 109.354184 32.700000  orientation 0.00
layer front
$PAD "1"
Shape Circle Layer both
position  6.000000  1.300000 size  1.208000  1.208000 orientation 0.00
drill  0.700000
shape_offset  0.000000  0.000000
$EndPAD
$PAD "2"
Shape Circle Layer both
position  4.500000  1.300000 size  1.208000  1.208000 orientation 0.00
drill  0.700000
shape_offset  0.000000  0.000000
$EndPAD
$PAD "3"
Shape Circle Layer both
position  3.000000  1.300000 size  1.208000  1.208000 orientation 0.00
drill  0.700000
shape_offset  0.000000  0.000000
$EndPAD
$PAD "4"
Shape Circle Layer both
position  1.500000  1.300000 size  1.208000  1.208000 orientation 0.00
drill  0.700000
shape_offset  0.000000  0.000000
$EndPAD
$EndMODULE CON1

$MODULE J1
reference J1
value 6130XX11821_61300311821
footprint 6130XX11821_61300311821:61300311821
attribut none
position 105.500000 95.040000  orientation 90.00
layer front
$PAD "1"
Shape Circle Layer both
position -2.540000  0.000000 size  1.530000  1.530000 orientation 90.00
drill  1.020000
shape_offset  0.000000  0.000000
$EndPAD
$PAD "2"
Shape Circle Layer both
position  0.000000  0.000000 size  1.530000  1.530000 orientation 90.00
drill  1.020000
shape_offset  0.000000  0.000000
$EndPAD
$PAD "3"
Shape Circle Layer both
position  2.540000  0.000000 size  1.530000  1.530000 orientation 90.00
drill  1.020000
shape_offset  0.000000  0.000000
$EndPAD
$EndMODULE J1

$MODULE J2
reference J2
value 6130XX11821_61300311821
footprint 6130XX11821_61300311821:61300311821
attribut none
position 118.000000 95.040000  orientation 90.00
layer front
$PAD "1"
Shape Circle Layer both
position -2.540000  0.000000 size  1.530000  1.530000 orientation 90.00
drill  1.020000
shape_offset  0.000000  0.000000
$EndPAD
$PAD "2"
Shape Circle Layer both
position  0.000000  0.000000 size  1.530000  1.530000 orientation 90.00
drill  1.020000
shape_offset  0.000000  0.000000
$EndPAD
$PAD "3"
Shape Circle Layer both
position  2.540000  0.000000 size  1.530000  1.530000 orientation 90.00
drill  1.020000
shape_offset  0.000000  0.000000
$EndPAD
$EndMODULE J2

$MODULE J3
reference J3
value B2B-XH-A
footprint B2B-XH-A:JST_B2B-XH-A
attribut none
position 45.475000 45.250000  orientation 90.00
layer front
$PAD "1"
Shape Rect Layer both
position  1.250000  0.525000 size  1.575000  1.575000 orientation 90.00
drill  1.050000
shape_offset  0.000000  0.000000
$EndPAD
$PAD "2"
Shape Circle Layer both
position -1.250000  0.525000 size  1.575000  1.575000 orientation 90.00
drill  1.050000
shape_offset  0.000000  0.000000
$EndPAD
$EndMODULE J3

$MODULE J4
reference J4
value B2B-XH-A
footprint B2B-XH-A:JST_B2B-XH-A
attribut none
position 102.250000 35.525000  orientation 180.00
layer front
$PAD "1"
Shape Rect Layer both
position  1.250000  0.525000 size  1.575000  1.575000 orientation 180.00
drill  1.050000
shape_offset  0.000000  0.000000
$EndPAD
$PAD "2"
Shape Circle Layer both
position -1.250000  0.525000 size  1.575000  1.575000 orientation 180.00
drill  1.050000
shape_offset  0.000000  0.000000
$EndPAD
$EndMODULE J4

$MODULE J8
reference J8
value 1888687
footprint 1888687:PHOENIX_1888687
attribut none
position 52.250000 64.620000  orientation 90.00
layer front
$PAD "1"
Shape Rect Layer both
position  2.540000 -4.750000 size  1.950000  1.950000 orientation 90.00
drill  1.300000
shape_offset  0.000000  0.000000
$EndPAD
$PAD "2"
Shape Circle Layer both
position  7.620000 -4.750000 size  1.950000  1.950000 orientation 90.00
drill  1.300000
shape_offset  0.000000  0.000000
$EndPAD
$EndMODULE J8

$MODULE J9
reference J9
value 1888687
footprint 1888687:PHOENIX_1888687
attribut none
position 52.250000 96.540000  orientation 90.00
layer front
$PAD "1"
Shape Rect Layer both
position  2.540000 -4.750000 size  1.950000  1.950000 orientation 90.00
drill  1.300000
shape_offset  0.000000  0.000000
$EndPAD
$PAD "2"
Shape Circle Layer both
position  7.620000 -4.750000 size  1.950000  1.950000 orientation 90.00
drill  1.300000
shape_offset  0.000000  0.000000
$EndPAD
$EndMODULE J9

$MODULE J10
reference J10
value CON-SMA-EDGE-S
footprint CON-SMA-EDGE-S:RFSOLUTIONS_CON-SMA-EDGE-S
attribut smd
position 149.000000 81.150000  orientation 180.00
layer front
$PAD "1"
Shape Rect Layer front
position  0.000000  0.000000 size  3.500000  1.500000 orientation 180.00
drill  0.000000
shape_offset  0.000000  0.000000
$EndPAD
$PAD "G1"
Shape Rect Layer front
position  0.000000 -2.700000 size  3.500000  1.500000 orientation 180.00
drill  0.000000
shape_offset  0.000000  0.000000
$EndPAD
$PAD "G2"
Shape Rect Layer front
position  0.000000  2.700000 size  3.500000  1.500000 orientation 180.00
drill  0.000000
shape_offset  0.000000  0.000000
$EndPAD
$PAD "G3"
Shape Rect Layer back
position  0.000000 -2.700000 size  3.500000  1.500000 orientation 180.00
drill  0.000000
shape_offset  0.000000  0.000000
$EndPAD
$PAD "G4"
Shape Rect Layer back
position  0.000000  2.700000 size  3.500000  1.500000 orientation 180.00
drill  0.000000
shape_offset  0.000000  0.000000
$EndPAD
$EndMODULE J10

$MODULE J11
reference J11
value CON-SMA-EDGE-S
footprint CON-SMA-EDGE-S:RFSOLUTIONS_CON-SMA-EDGE-S
attribut smd
position 149.000000 57.500000  orientation 180.00
layer front
$PAD "1"
Shape Rect Layer front
position  0.000000  0.000000 size  3.500000  1.500000 orientation 180.00
drill  0.000000
shape_offset  0.000000  0.000000
$EndPAD
$PAD "G1"
Shape Rect Layer front
position  0.000000 -2.700000 size  3.500000  1.500000 orientation 180.00
drill  0.000000
shape_offset  0.000000  0.000000
$EndPAD
$PAD "G2"
Shape Rect Layer front
position  0.000000  2.700000 size  3.500000  1.500000 orientation 180.00
drill  0.000000
shape_offset  0.000000  0.000000
$EndPAD
$PAD "G3"
Shape Rect Layer back
position  0.000000 -2.700000 size  3.500000  1.500000 orientation 180.00
drill  0.000000
shape_offset  0.000000  0.000000
$EndPAD
$PAD "G4"
Shape Rect Layer back
position  0.000000  2.700000 size  3.500000  1.500000 orientation 180.00
drill  0.000000
shape_offset  0.000000  0.000000
$EndPAD
$EndMODULE J11

$MODULE J12
reference J12
value 1730188
footprint 1730188:PHOENIX_1730188
attribut none
position 98.950000 89.350000  orientation 180.00
layer front
$PAD "1"
Shape Rect Layer both
position  2.540000 -4.650000 size  1.950000  1.950000 orientation 180.00
drill  1.300000
shape_offset  0.000000  0.000000
$EndPAD
$PAD "2"
Shape Circle Layer both
position  7.620000 -4.650000 size  1.950000  1.950000 orientation 180.00
drill  1.300000
shape_offset  0.000000  0.000000
$EndPAD
$PAD "3"
Shape Circle Layer both
position 12.700000 -4.650000 size  1.950000  1.950000 orientation 180.00
drill  1.300000
shape_offset  0.000000  0.000000
$EndPAD
$PAD "4"
Shape Circle Layer both
position 17.780000 -4.650000 size  1.950000  1.950000 orientation 180.00
drill  1.300000
shape_offset  0.000000  0.000000
$EndPAD
$PAD "5"
Shape Circle Layer both
position 22.860000 -4.650000 size  1.950000  1.950000 orientation 180.00
drill  1.300000
shape_offset  0.000000  0.000000
$EndPAD
$PAD "6"
Shape Circle Layer both
position 27.940000 -4.650000 size  1.950000  1.950000 orientation 180.00
drill  1.300000
shape_offset  0.000000  0.000000
$EndPAD
$PAD "7"
Shape Circle Layer both
position 33.020000 -4.650000 size  1.950000  1.950000 orientation 180.00
drill  1.300000
shape_offset  0.000000  0.000000
$EndPAD
$PAD "8"
Shape Circle Layer both
position 38.100000 -4.650000 size  1.950000  1.950000 orientation 180.00
drill  1.300000
shape_offset  0.000000  0.000000
$EndPAD
$EndMODULE J12

$MODULE J13
reference J13
value 1888687
footprint 1888687:PHOENIX_1888687
attribut none
position 52.275000 79.700000  orientation 90.00
layer front
$PAD "1"
Shape Rect Layer both
position  2.540000 -4.750000 size  1.950000  1.950000 orientation 90.00
drill  1.300000
shape_offset  0.000000  0.000000
$EndPAD
$PAD "2"
Shape Circle Layer both
position  7.620000 -4.750000 size  1.950000  1.950000 orientation 90.00
drill  1.300000
shape_offset  0.000000  0.000000
$EndPAD
$EndMODULE J13

$MODULE J14
reference J14
value 1888687
footprint 1888687:PHOENIX_1888687
attribut none
position 42.750000 102.880000  orientation -90.00
layer front
$PAD "1"
Shape Rect Layer both
position  2.540000 -4.750000 size  1.950000  1.950000 orientation 270.00
drill  1.300000
shape_offset  0.000000  0.000000
$EndPAD
$PAD "2"
Shape Circle Layer both
position  7.620000 -4.750000 size  1.950000  1.950000 orientation 270.00
drill  1.300000
shape_offset  0.000000  0.000000
$EndPAD
$EndMODULE J14

$MODULE K1
reference K1
value SRD-12VDC-SL-C
footprint SRD-12VDC-SL-C:RELAY_SRD-12VDC-SL-C
attribut none
position 132.600000 76.605000  orientation 0.00
layer front
$PAD "COIL1"
Shape Circle Layer both
position -6.100000 -6.000000 size  1.308000  1.308000 orientation 0.00
drill  0.800000
shape_offset  0.000000  0.000000
$EndPAD
$PAD "COIL2"
Shape Circle Layer both
position -6.100000  6.000000 size  1.308000  1.308000 orientation 0.00
drill  0.800000
shape_offset  0.000000  0.000000
$EndPAD
$PAD "COM"
Shape Circle Layer both
position -8.100000  0.120000 size  1.950000  1.950000 orientation 0.00
drill  1.300000
shape_offset  0.000000  0.000000
$EndPAD
$PAD "NC"
Shape Circle Layer both
position  6.100000 -6.000000 size  1.800000  1.800000 orientation 0.00
drill  1.200000
shape_offset  0.000000  0.000000
$EndPAD
$PAD "NO"
Shape Circle Layer both
position  6.100000  6.000000 size  1.800000  1.800000 orientation 0.00
drill  1.200000
shape_offset  0.000000  0.000000
$EndPAD
$EndMODULE K1

$MODULE K2
reference K2
value SRD-12VDC-SL-C
footprint SRD-12VDC-SL-C:RELAY_SRD-12VDC-SL-C
attribut none
position 132.600000 93.755000  orientation 0.00
layer front
$PAD "COIL1"
Shape Circle Layer both
position -6.100000 -6.000000 size  1.308000  1.308000 orientation 0.00
drill  0.800000
shape_offset  0.000000  0.000000
$EndPAD
$PAD "COIL2"
Shape Circle Layer both
position -6.100000  6.000000 size  1.308000  1.308000 orientation 0.00
drill  0.800000
shape_offset  0.000000  0.000000
$EndPAD
$PAD "COM"
Shape Circle Layer both
position -8.100000  0.120000 size  1.950000  1.950000 orientation 0.00
drill  1.300000
shape_offset  0.000000  0.000000
$EndPAD
$PAD "NC"
Shape Circle Layer both
position  6.100000 -6.000000 size  1.800000  1.800000 orientation 0.00
drill  1.200000
shape_offset  0.000000  0.000000
$EndPAD
$PAD "NO"
Shape Circle Layer both
position  6.100000  6.000000 size  1.800000  1.800000 orientation 0.00
drill  1.200000
shape_offset  0.000000  0.000000
$EndPAD
$EndMODULE K2

$MODULE K3
reference K3
value SRD-12VDC-SL-C
footprint SRD-12VDC-SL-C:RELAY_SRD-12VDC-SL-C
attribut none
position 132.600000 42.630000  orientation 0.00
layer front
$PAD "COIL1"
Shape Circle Layer both
position -6.100000 -6.000000 size  1.308000  1.308000 orientation 0.00
drill  0.800000
shape_offset  0.000000  0.000000
$EndPAD
$PAD "COIL2"
Shape Circle Layer both
position -6.100000  6.000000 size  1.308000  1.308000 orientation 0.00
drill  0.800000
shape_offset  0.000000  0.000000
$EndPAD
$PAD "COM"
Shape Circle Layer both
position -8.100000  0.120000 size  1.950000  1.950000 orientation 0.00
drill  1.300000
shape_offset  0.000000  0.000000
$EndPAD
$PAD "NC"
Shape Circle Layer both
position  6.100000 -6.000000 size  1.800000  1.800000 orientation 0.00
drill  1.200000
shape_offset  0.000000  0.000000
$EndPAD
$PAD "NO"
Shape Circle Layer both
position  6.100000  6.000000 size  1.800000  1.800000 orientation 0.00
drill  1.200000
shape_offset  0.000000  0.000000
$EndPAD
$EndMODULE K3

$MODULE K4
reference K4
value SRD-12VDC-SL-C
footprint SRD-12VDC-SL-C:RELAY_SRD-12VDC-SL-C
attribut none
position 132.600000 59.780000  orientation 0.00
layer front
$PAD "COIL1"
Shape Circle Layer both
position -6.100000 -6.000000 size  1.308000  1.308000 orientation 0.00
drill  0.800000
shape_offset  0.000000  0.000000
$EndPAD
$PAD "COIL2"
Shape Circle Layer both
position -6.100000  6.000000 size  1.308000  1.308000 orientation 0.00
drill  0.800000
shape_offset  0.000000  0.000000
$EndPAD
$PAD "COM"
Shape Circle Layer both
position -8.100000  0.120000 size  1.950000  1.950000 orientation 0.00
drill  1.300000
shape_offset  0.000000  0.000000
$EndPAD
$PAD "NC"
Shape Circle Layer both
position  6.100000 -6.000000 size  1.800000  1.800000 orientation 0.00
drill  1.200000
shape_offset  0.000000  0.000000
$EndPAD
$PAD "NO"
Shape Circle Layer both
position  6.100000  6.000000 size  1.800000  1.800000 orientation 0.00
drill  1.200000
shape_offset  0.000000  0.000000
$EndPAD
$EndMODULE K4

$MODULE PS1
reference PS1
value 3S4AE_0912S1UP
footprint 3S4AE_0912S1UP:CONV_3S4AE_0912S1UP
attribut none
position 56.579879 33.310241  orientation 0.00
layer front
$PAD "1"
Shape Rect Layer both
position -3.810000  2.500000 size  1.288000  1.288000 orientation 0.00
drill  0.780000
shape_offset  0.000000  0.000000
$EndPAD
$PAD "2"
Shape Circle Layer both
position -1.270000  2.500000 size  1.288000  1.288000 orientation 0.00
drill  0.780000
shape_offset  0.000000  0.000000
$EndPAD
$PAD "3"
Shape Circle Layer both
position  1.270000  2.500000 size  1.288000  1.288000 orientation 0.00
drill  0.780000
shape_offset  0.000000  0.000000
$EndPAD
$PAD "4"
Shape Circle Layer both
position  3.810000  2.500000 size  1.288000  1.288000 orientation 0.00
drill  0.780000
shape_offset  0.000000  0.000000
$EndPAD
$EndMODULE PS1

$MODULE PS2
reference PS2
value 3S4AE_0912S1UP
footprint 3S4AE_0912S1UP:CONV_3S4AE_0912S1UP
attribut none
position 68.989879 33.385241  orientation 0.00
layer front
$PAD "1"
Shape Rect Layer both
position -3.810000  2.500000 size  1.288000  1.288000 orientation 0.00
drill  0.780000
shape_offset  0.000000  0.000000
$EndPAD
$PAD "2"
Shape Circle Layer both
position -1.270000  2.500000 size  1.288000  1.288000 orientation 0.00
drill  0.780000
shape_offset  0.000000  0.000000
$EndPAD
$PAD "3"
Shape Circle Layer both
position  1.270000  2.500000 size  1.288000  1.288000 orientation 0.00
drill  0.780000
shape_offset  0.000000  0.000000
$EndPAD
$PAD "4"
Shape Circle Layer both
position  3.810000  2.500000 size  1.288000  1.288000 orientation 0.00
drill  0.780000
shape_offset  0.000000  0.000000
$EndPAD
$EndMODULE PS2

$MODULE R1
reference R1
value 1k
footprint Resistor_SMD:R_0603_1608Metric_Pad0.98x0.95mm_HandSolder
attribut smd
position 61.000000 67.250000  orientation 180.00
layer front
$PAD "1"
Shape Roundrect Layer front
position -0.912500  0.000000 size  0.975000  0.950000 orientation 180.00
drill  0.000000
shape_offset  0.000000  0.000000
$EndPAD
$PAD "2"
Shape Roundrect Layer front
position  0.912500  0.000000 size  0.975000  0.950000 orientation 180.00
drill  0.000000
shape_offset  0.000000  0.000000
$EndPAD
$EndMODULE R1

$MODULE R2
reference R2
value 1k
footprint Resistor_SMD:R_0603_1608Metric_Pad0.98x0.95mm_HandSolder
attribut smd
position 61.000000 64.250000  orientation 0.00
layer front
$PAD "1"
Shape Roundrect Layer front
position -0.912500  0.000000 size  0.975000  0.950000 orientation 0.00
drill  0.000000
shape_offset  0.000000  0.000000
$EndPAD
$PAD "2"
Shape Roundrect Layer front
position  0.912500  0.000000 size  0.975000  0.950000 orientation 0.00
drill  0.000000
shape_offset  0.000000  0.000000
$EndPAD
$EndMODULE R2

$MODULE R3
reference R3
value 1k
footprint Resistor_SMD:R_0603_1608Metric_Pad0.98x0.95mm_HandSolder
attribut smd
position 61.000000 58.250000  orientation 0.00
layer front
$PAD "1"
Shape Roundrect Layer front
position -0.912500  0.000000 size  0.975000  0.950000 orientation 0.00
drill  0.000000
shape_offset  0.000000  0.000000
$EndPAD
$PAD "2"
Shape Roundrect Layer front
position  0.912500  0.000000 size  0.975000  0.950000 orientation 0.00
drill  0.000000
shape_offset  0.000000  0.000000
$EndPAD
$EndMODULE R3

$MODULE R4
reference R4
value 1k
footprint Resistor_SMD:R_0603_1608Metric_Pad0.98x0.95mm_HandSolder
attribut smd
position 61.000000 61.250000  orientation 180.00
layer front
$PAD "1"
Shape Roundrect Layer front
position -0.912500  0.000000 size  0.975000  0.950000 orientation 180.00
drill  0.000000
shape_offset  0.000000  0.000000
$EndPAD
$PAD "2"
Shape Roundrect Layer front
position  0.912500  0.000000 size  0.975000  0.950000 orientation 180.00
drill  0.000000
shape_offset  0.000000  0.000000
$EndPAD
$EndMODULE R4

$MODULE R5
reference R5
value 1k
footprint Resistor_SMD:R_0603_1608Metric_Pad0.98x0.95mm_HandSolder
attribut smd
position 61.000000 55.440000  orientation 180.00
layer front
$PAD "1"
Shape Roundrect Layer front
position -0.912500  0.000000 size  0.975000  0.950000 orientation 180.00
drill  0.000000
shape_offset  0.000000  0.000000
$EndPAD
$PAD "2"
Shape Roundrect Layer front
position  0.912500  0.000000 size  0.975000  0.950000 orientation 180.00
drill  0.000000
shape_offset  0.000000  0.000000
$EndPAD
$EndMODULE R5

$MODULE R6
reference R6
value 1k
footprint Resistor_SMD:R_0603_1608Metric_Pad0.98x0.95mm_HandSolder
attribut smd
position 98.175000 59.250000  orientation 180.00
layer front
$PAD "1"
Shape Roundrect Layer front
position -0.912500  0.000000 size  0.975000  0.950000 orientation 180.00
drill  0.000000
shape_offset  0.000000  0.000000
$EndPAD
$PAD "2"
Shape Roundrect Layer front
position  0.912500  0.000000 size  0.975000  0.950000 orientation 180.00
drill  0.000000
shape_offset  0.000000  0.000000
$EndPAD
$EndMODULE R6

$MODULE R7
reference R7
value 1k
footprint Resistor_SMD:R_0603_1608Metric_Pad0.98x0.95mm_HandSolder
attribut smd
position 98.087500 65.250000  orientation 0.00
layer front
$PAD "1"
Shape Roundrect Layer front
position -0.912500  0.000000 size  0.975000  0.950000 orientation 0.00
drill  0.000000
shape_offset  0.000000  0.000000
$EndPAD
$PAD "2"
Shape Roundrect Layer front
position  0.912500  0.000000 size  0.975000  0.950000 orientation 0.00
drill  0.000000
shape_offset  0.000000  0.000000
$EndPAD
$EndMODULE R7

$MODULE R8
reference R8
value 1k
footprint Resistor_SMD:R_0603_1608Metric_Pad0.98x0.95mm_HandSolder
attribut smd
position 98.087500 56.250000  orientation 0.00
layer front
$PAD "1"
Shape Roundrect Layer front
position -0.912500  0.000000 size  0.975000  0.950000 orientation 0.00
drill  0.000000
shape_offset  0.000000  0.000000
$EndPAD
$PAD "2"
Shape Roundrect Layer front
position  0.912500  0.000000 size  0.975000  0.950000 orientation 0.00
drill  0.000000
shape_offset  0.000000  0.000000
$EndPAD
$EndMODULE R8

$MODULE R9
reference R9
value 1k
footprint Resistor_SMD:R_0603_1608Metric_Pad0.98x0.95mm_HandSolder
attribut smd
position 98.087500 68.250000  orientation 0.00
layer front
$PAD "1"
Shape Roundrect Layer front
position -0.912500  0.000000 size  0.975000  0.950000 orientation 0.00
drill  0.000000
shape_offset  0.000000  0.000000
$EndPAD
$PAD "2"
Shape Roundrect Layer front
position  0.912500  0.000000 size  0.975000  0.950000 orientation 0.00
drill  0.000000
shape_offset  0.000000  0.000000
$EndPAD
$EndMODULE R9

$MODULE R10
reference R10
value 1k
footprint Resistor_SMD:R_0603_1608Metric_Pad0.98x0.95mm_HandSolder
attribut smd
position 98.087500 53.250000  orientation 180.00
layer front
$PAD "1"
Shape Roundrect Layer front
position -0.912500  0.000000 size  0.975000  0.950000 orientation 180.00
drill  0.000000
shape_offset  0.000000  0.000000
$EndPAD
$PAD "2"
Shape Roundrect Layer front
position  0.912500  0.000000 size  0.975000  0.950000 orientation 180.00
drill  0.000000
shape_offset  0.000000  0.000000
$EndPAD
$EndMODULE R10

$MODULE R11
reference R11
value 1k
footprint Resistor_SMD:R_0603_1608Metric_Pad0.98x0.95mm_HandSolder
attribut smd
position 98.087500 71.250000  orientation 180.00
layer front
$PAD "1"
Shape Roundrect Layer front
position -0.912500  0.000000 size  0.975000  0.950000 orientation 180.00
drill  0.000000
shape_offset  0.000000  0.000000
$EndPAD
$PAD "2"
Shape Roundrect Layer front
position  0.912500  0.000000 size  0.975000  0.950000 orientation 180.00
drill  0.000000
shape_offset  0.000000  0.000000
$EndPAD
$EndMODULE R11

$MODULE R12
reference R12
value 1k
footprint Resistor_SMD:R_0603_1608Metric_Pad0.98x0.95mm_HandSolder
attribut smd
position 98.087500 74.250000  orientation 0.00
layer front
$PAD "1"
Shape Roundrect Layer front
position -0.912500  0.000000 size  0.975000  0.950000 orientation 0.00
drill  0.000000
shape_offset  0.000000  0.000000
$EndPAD
$PAD "2"
Shape Roundrect Layer front
position  0.912500  0.000000 size  0.975000  0.950000 orientation 0.00
drill  0.000000
shape_offset  0.000000  0.000000
$EndPAD
$EndMODULE R12

$MODULE REF**
reference REF**
value MountingHole_3.2mm_M3
footprint MountingHole:MountingHole_3.2mm_M3
attribut virtual
position 40.000000 172.500034  orientation 0.00
layer front
$PAD ""
Shape Circle Layer both
position  0.000000  0.000000 size  3.200000  3.200000 orientation 0.00
drill  3.200000
shape_offset  0.000000  0.000000
$EndPAD
$EndMODULE REF**

$MODULE REF**
reference REF**
value MountingHole_3.2mm_M3
footprint MountingHole:MountingHole_3.2mm_M3
attribut virtual
position 66.500000 164.500000  orientation 0.00
layer front
$PAD ""
Shape Circle Layer both
position  0.000000  0.000000 size  3.200000  3.200000 orientation 0.00
drill  3.200000
shape_offset  0.000000  0.000000
$EndPAD
$EndMODULE REF**

$MODULE REF**
reference REF**
value MountingHole_3.2mm_M3
footprint MountingHole:MountingHole_3.2mm_M3
attribut virtual
position 142.500000 119.500000  orientation 0.00
layer front
$PAD ""
Shape Circle Layer both
position  0.000000  0.000000 size  3.200000  3.200000 orientation 0.00
drill  3.200000
shape_offset  0.000000  0.000000
$EndPAD
$EndMODULE REF**

$MODULE REF**
reference REF**
value MountingHole_3.2mm_M3
footprint MountingHole:MountingHole_3.2mm_M3
attribut virtual
position 142.500000 164.500000  orientation 0.00
layer front
$PAD ""
Shape Circle Layer both
position  0.000000  0.000000 size  3.200000  3.200000 orientation 0.00
drill  3.200000
shape_offset  0.000000  0.000000
$EndPAD
$EndMODULE REF**

$MODULE REF**
reference REF**
value MountingHole_3.2mm_M3
footprint MountingHole:MountingHole_3.2mm_M3
attribut virtual
position 146.500000 30.000000  orientation 0.00
layer front
$PAD ""
Shape Circle Layer both
position  0.000000  0.000000 size  3.200000  3.200000 orientation 0.00
drill  3.200000
shape_offset  0.000000  0.000000
$EndPAD
$EndMODULE REF**

$MODULE REF**
reference REF**
value MountingHole_3.2mm_M3
footprint MountingHole:MountingHole_3.2mm_M3
attribut virtual
position 74.500000 164.500000  orientation 0.00
layer front
$PAD ""
Shape Circle Layer both
position  0.000000  0.000000 size  3.200000  3.200000 orientation 0.00
drill  3.200000
shape_offset  0.000000  0.000000
$EndPAD
$EndMODULE REF**

$MODULE REF**
reference REF**
value MountingHole_3.2mm_M3
footprint MountingHole:MountingHole_3.2mm_M3
attribut virtual
position 118.000000 45.000000  orientation 0.00
layer front
$PAD ""
Shape Circle Layer both
position  0.000000  0.000000 size  3.200000  3.200000 orientation 0.00
drill  3.200000
shape_offset  0.000000  0.000000
$EndPAD
$EndMODULE REF**

$MODULE REF**
reference REF**
value MountingHole_3.2mm_M3
footprint MountingHole:MountingHole_3.2mm_M3
attribut virtual
position 45.500000 120.500000  orientation 0.00
layer front
$PAD ""
Shape Circle Layer both
position  0.000000  0.000000 size  3.200000  3.200000 orientation 0.00
drill  3.200000
shape_offset  0.000000  0.000000
$EndPAD
$EndMODULE REF**

$MODULE REF**
reference REF**
value MountingHole_3.2mm_M3
footprint MountingHole:MountingHole_3.2mm_M3
attribut virtual
position 66.500000 120.500000  orientation 0.00
layer front
$PAD ""
Shape Circle Layer both
position  0.000000  0.000000 size  3.200000  3.200000 orientation 0.00
drill  3.200000
shape_offset  0.000000  0.000000
$EndPAD
$EndMODULE REF**

$MODULE REF**
reference REF**
value MountingHole_3.2mm_M3
footprint MountingHole:MountingHole_3.2mm_M3
attribut virtual
position 45.500000 164.500000  orientation 0.00
layer front
$PAD ""
Shape Circle Layer both
position  0.000000  0.000000 size  3.200000  3.200000 orientation 0.00
drill  3.200000
shape_offset  0.000000  0.000000
$EndPAD
$EndMODULE REF**

$MODULE REF**
reference REF**
value MountingHole_3.2mm_M3
footprint MountingHole:MountingHole_3.2mm_M3
attribut virtual
position 146.500000 172.464500  orientation 0.00
layer front
$PAD ""
Shape Circle Layer both
position  0.000000  0.000000 size  3.200000  3.200000 orientation 0.00
drill  3.200000
shape_offset  0.000000  0.000000
$EndPAD
$EndMODULE REF**

$MODULE REF**
reference REF**
value MountingHole_3.2mm_M3
footprint MountingHole:MountingHole_3.2mm_M3
attribut virtual
position 59.000000 84.000000  orientation 0.00
layer front
$PAD ""
Shape Circle Layer both
position  0.000000  0.000000 size  3.200000  3.200000 orientation 0.00
drill  3.200000
shape_offset  0.000000  0.000000
$EndPAD
$EndMODULE REF**

$MODULE REF**
reference REF**
value MountingHole_3.2mm_M3
footprint MountingHole:MountingHole_3.2mm_M3
attribut virtual
position 118.000000 84.000000  orientation 0.00
layer front
$PAD ""
Shape Circle Layer both
position  0.000000  0.000000 size  3.200000  3.200000 orientation 0.00
drill  3.200000
shape_offset  0.000000  0.000000
$EndPAD
$EndMODULE REF**

$MODULE REF**
reference REF**
value MountingHole_3.2mm_M3
footprint MountingHole:MountingHole_3.2mm_M3
attribut virtual
position 74.500000 119.500000  orientation 0.00
layer front
$PAD ""
Shape Circle Layer both
position  0.000000  0.000000 size  3.200000  3.200000 orientation 0.00
drill  3.200000
shape_offset  0.000000  0.000000
$EndPAD
$EndMODULE REF**

$MODULE REF**
reference REF**
value MountingHole_3.2mm_M3
footprint MountingHole:MountingHole_3.2mm_M3
attribut virtual
position 59.000000 45.000000  orientation 0.00
layer front
$PAD ""
Shape Circle Layer both
position  0.000000  0.000000 size  3.200000  3.200000 orientation 0.00
drill  3.200000
shape_offset  0.000000  0.000000
$EndPAD
$EndMODULE REF**

$MODULE REF**
reference REF**
value MountingHole_3.2mm_M3
footprint MountingHole:MountingHole_3.2mm_M3
attribut virtual
position 40.000000 30.000000  orientation 0.00
layer front
$PAD ""
Shape Circle Layer both
position  0.000000  0.000000 size  3.200000  3.200000 orientation 0.00
drill  3.200000
shape_offset  0.000000  0.000000
$EndPAD
$EndMODULE REF**

$MODULE RGain1
reference RGain1
value 2.43k
footprint Resistor_SMD:R_0805_2012Metric_Pad1.20x1.40mm_HandSolder
attribut smd
position 98.087500 62.250000  orientation 0.00
layer front
$PAD "1"
Shape Roundrect Layer front
position -1.000000  0.000000 size  1.200000  1.400000 orientation 0.00
drill  0.000000
shape_offset  0.000000  0.000000
$EndPAD
$PAD "2"
Shape Roundrect Layer front
position  1.000000  0.000000 size  1.200000  1.400000 orientation 0.00
drill  0.000000
shape_offset  0.000000  0.000000
$EndPAD
$EndMODULE RGain1

$MODULE RS1
reference RS1
value 220
footprint Resistor_SMD:R_0603_1608Metric_Pad0.98x0.95mm_HandSolder
attribut smd
position 91.912500 85.395000  orientation 180.00
layer front
$PAD "1"
Shape Roundrect Layer front
position -0.912500  0.000000 size  0.975000  0.950000 orientation 180.00
drill  0.000000
shape_offset  0.000000  0.000000
$EndPAD
$PAD "2"
Shape Roundrect Layer front
position  0.912500  0.000000 size  0.975000  0.950000 orientation 180.00
drill  0.000000
shape_offset  0.000000  0.000000
$EndPAD
$EndMODULE RS1

$MODULE RS2
reference RS2
value 100
footprint Resistor_SMD:R_1206_3216Metric_Pad1.30x1.75mm_HandSolder
attribut smd
position 86.550000 85.060000  orientation 180.00
layer front
$PAD "1"
Shape Roundrect Layer front
position -1.550000  0.000000 size  1.300000  1.750000 orientation 180.00
drill  0.000000
shape_offset  0.000000  0.000000
$EndPAD
$PAD "2"
Shape Roundrect Layer front
position  1.550000  0.000000 size  1.300000  1.750000 orientation 180.00
drill  0.000000
shape_offset  0.000000  0.000000
$EndPAD
$EndMODULE RS2

$MODULE RS3
reference RS3
value 150
footprint Resistor_SMD:R_0805_2012Metric_Pad1.20x1.40mm_HandSolder
attribut smd
position 76.500000 85.285000  orientation 180.00
layer front
$PAD "1"
Shape Roundrect Layer front
position -1.000000  0.000000 size  1.200000  1.400000 orientation 180.00
drill  0.000000
shape_offset  0.000000  0.000000
$EndPAD
$PAD "2"
Shape Roundrect Layer front
position  1.000000  0.000000 size  1.200000  1.400000 orientation 180.00
drill  0.000000
shape_offset  0.000000  0.000000
$EndPAD
$EndMODULE RS3

$MODULE RS4
reference RS4
value 150
footprint Resistor_SMD:R_0805_2012Metric_Pad1.20x1.40mm_HandSolder
attribut smd
position 71.500000 85.385000  orientation 180.00
layer front
$PAD "1"
Shape Roundrect Layer front
position -1.000000  0.000000 size  1.200000  1.400000 orientation 180.00
drill  0.000000
shape_offset  0.000000  0.000000
$EndPAD
$PAD "2"
Shape Roundrect Layer front
position  1.000000  0.000000 size  1.200000  1.400000 orientation 180.00
drill  0.000000
shape_offset  0.000000  0.000000
$EndPAD
$EndMODULE RS4

$MODULE RS5
reference RS5
value 220
footprint Resistor_SMD:R_0603_1608Metric_Pad0.98x0.95mm_HandSolder
attribut smd
position 91.912500 82.885000  orientation 180.00
layer front
$PAD "1"
Shape Roundrect Layer front
position -0.912500  0.000000 size  0.975000  0.950000 orientation 180.00
drill  0.000000
shape_offset  0.000000  0.000000
$EndPAD
$PAD "2"
Shape Roundrect Layer front
position  0.912500  0.000000 size  0.975000  0.950000 orientation 180.00
drill  0.000000
shape_offset  0.000000  0.000000
$EndPAD
$EndMODULE RS5

$MODULE RS6
reference RS6
value 15
footprint Resistor_SMD:R_0603_1608Metric_Pad0.98x0.95mm_HandSolder
attribut smd
position 91.912500 80.375000  orientation 180.00
layer front
$PAD "1"
Shape Roundrect Layer front
position -0.912500  0.000000 size  0.975000  0.950000 orientation 180.00
drill  0.000000
shape_offset  0.000000  0.000000
$EndPAD
$PAD "2"
Shape Roundrect Layer front
position  0.912500  0.000000 size  0.975000  0.950000 orientation 180.00
drill  0.000000
shape_offset  0.000000  0.000000
$EndPAD
$EndMODULE RS6

$MODULE RS7
reference RS7
value 100
footprint Resistor_SMD:R_1206_3216Metric_Pad1.30x1.75mm_HandSolder
attribut smd
position 86.550000 81.750000  orientation 180.00
layer front
$PAD "1"
Shape Roundrect Layer front
position -1.550000  0.000000 size  1.300000  1.750000 orientation 180.00
drill  0.000000
shape_offset  0.000000  0.000000
$EndPAD
$PAD "2"
Shape Roundrect Layer front
position  1.550000  0.000000 size  1.300000  1.750000 orientation 180.00
drill  0.000000
shape_offset  0.000000  0.000000
$EndPAD
$EndMODULE RS7

$MODULE RS8
reference RS8
value 15
footprint Resistor_SMD:R_0603_1608Metric_Pad0.98x0.95mm_HandSolder
attribut smd
position 81.412500 84.560000  orientation 180.00
layer front
$PAD "1"
Shape Roundrect Layer front
position -0.912500  0.000000 size  0.975000  0.950000 orientation 180.00
drill  0.000000
shape_offset  0.000000  0.000000
$EndPAD
$PAD "2"
Shape Roundrect Layer front
position  0.912500  0.000000 size  0.975000  0.950000 orientation 180.00
drill  0.000000
shape_offset  0.000000  0.000000
$EndPAD
$EndMODULE RS8

$MODULE RS9
reference RS9
value 15
footprint Resistor_SMD:R_0603_1608Metric_Pad0.98x0.95mm_HandSolder
attribut smd
position 81.412500 82.050000  orientation 0.00
layer front
$PAD "1"
Shape Roundrect Layer front
position -0.912500  0.000000 size  0.975000  0.950000 orientation 0.00
drill  0.000000
shape_offset  0.000000  0.000000
$EndPAD
$PAD "2"
Shape Roundrect Layer front
position  0.912500  0.000000 size  0.975000  0.950000 orientation 0.00
drill  0.000000
shape_offset  0.000000  0.000000
$EndPAD
$EndMODULE RS9

$MODULE RS10
reference RS10
value 150
footprint Resistor_SMD:R_0805_2012Metric_Pad1.20x1.40mm_HandSolder
attribut smd
position 76.500000 82.385000  orientation 0.00
layer front
$PAD "1"
Shape Roundrect Layer front
position -1.000000  0.000000 size  1.200000  1.400000 orientation 0.00
drill  0.000000
shape_offset  0.000000  0.000000
$EndPAD
$PAD "2"
Shape Roundrect Layer front
position  1.000000  0.000000 size  1.200000  1.400000 orientation 0.00
drill  0.000000
shape_offset  0.000000  0.000000
$EndPAD
$EndMODULE RS10

$MODULE RS11
reference RS11
value 10
footprint Resistor_SMD:R_0805_2012Metric_Pad1.20x1.40mm_HandSolder
attribut smd
position 76.500000 79.435000  orientation 180.00
layer front
$PAD "1"
Shape Roundrect Layer front
position -1.000000  0.000000 size  1.200000  1.400000 orientation 180.00
drill  0.000000
shape_offset  0.000000  0.000000
$EndPAD
$PAD "2"
Shape Roundrect Layer front
position  1.000000  0.000000 size  1.200000  1.400000 orientation 180.00
drill  0.000000
shape_offset  0.000000  0.000000
$EndPAD
$EndMODULE RS11

$MODULE RS12
reference RS12
value 150
footprint Resistor_SMD:R_0805_2012Metric_Pad1.20x1.40mm_HandSolder
attribut smd
position 71.500000 82.385000  orientation 0.00
layer front
$PAD "1"
Shape Roundrect Layer front
position -1.000000  0.000000 size  1.200000  1.400000 orientation 0.00
drill  0.000000
shape_offset  0.000000  0.000000
$EndPAD
$PAD "2"
Shape Roundrect Layer front
position  1.000000  0.000000 size  1.200000  1.400000 orientation 0.00
drill  0.000000
shape_offset  0.000000  0.000000
$EndPAD
$EndMODULE RS12

$MODULE RS13
reference RS13
value 150
footprint Resistor_SMD:R_0805_2012Metric_Pad1.20x1.40mm_HandSolder
attribut smd
position 66.500000 82.385000  orientation 0.00
layer front
$PAD "1"
Shape Roundrect Layer front
position -1.000000  0.000000 size  1.200000  1.400000 orientation 0.00
drill  0.000000
shape_offset  0.000000  0.000000
$EndPAD
$PAD "2"
Shape Roundrect Layer front
position  1.000000  0.000000 size  1.200000  1.400000 orientation 0.00
drill  0.000000
shape_offset  0.000000  0.000000
$EndPAD
$EndMODULE RS13

$MODULE RS14
reference RS14
value 150
footprint Resistor_SMD:R_0805_2012Metric_Pad1.20x1.40mm_HandSolder
attribut smd
position 66.500000 85.385000  orientation 180.00
layer front
$PAD "1"
Shape Roundrect Layer front
position -1.000000  0.000000 size  1.200000  1.400000 orientation 180.00
drill  0.000000
shape_offset  0.000000  0.000000
$EndPAD
$PAD "2"
Shape Roundrect Layer front
position  1.000000  0.000000 size  1.200000  1.400000 orientation 180.00
drill  0.000000
shape_offset  0.000000  0.000000
$EndPAD
$EndMODULE RS14

$MODULE RS15
reference RS15
value 24
footprint Resistor_SMD:R_0805_2012Metric_Pad1.20x1.40mm_HandSolder
attribut smd
position 71.500000 79.250000  orientation 180.00
layer front
$PAD "1"
Shape Roundrect Layer front
position -1.000000  0.000000 size  1.200000  1.400000 orientation 180.00
drill  0.000000
shape_offset  0.000000  0.000000
$EndPAD
$PAD "2"
Shape Roundrect Layer front
position  1.000000  0.000000 size  1.200000  1.400000 orientation 180.00
drill  0.000000
shape_offset  0.000000  0.000000
$EndPAD
$EndMODULE RS15

$MODULE U3
reference U3
value OP07CP
footprint OP07CP:DIP794W45P254L959H508Q8
attribut none
position 72.000000 56.750000  orientation 0.00
layer front
$PAD "1"
Shape Rect Layer both
position -3.970000 -3.810000 size  1.130000  1.130000 orientation 0.00
drill  0.780000
shape_offset  0.000000  0.000000
$EndPAD
$PAD "2"
Shape Circle Layer both
position -3.970000 -1.270000 size  1.130000  1.130000 orientation 0.00
drill  0.780000
shape_offset  0.000000  0.000000
$EndPAD
$PAD "3"
Shape Circle Layer both
position -3.970000  1.270000 size  1.130000  1.130000 orientation 0.00
drill  0.780000
shape_offset  0.000000  0.000000
$EndPAD
$PAD "4"
Shape Circle Layer both
position -3.970000  3.810000 size  1.130000  1.130000 orientation 0.00
drill  0.780000
shape_offset  0.000000  0.000000
$EndPAD
$PAD "5"
Shape Circle Layer both
position  3.970000  3.810000 size  1.130000  1.130000 orientation 0.00
drill  0.780000
shape_offset  0.000000  0.000000
$EndPAD
$PAD "6"
Shape Circle Layer both
position  3.970000  1.270000 size  1.130000  1.130000 orientation 0.00
drill  0.780000
shape_offset  0.000000  0.000000
$EndPAD
$PAD "7"
Shape Circle Layer both
position  3.970000 -1.270000 size  1.130000  1.130000 orientation 0.00
drill  0.780000
shape_offset  0.000000  0.000000
$EndPAD
$PAD "8"
Shape Circle Layer both
position  3.970000 -3.810000 size  1.130000  1.130000 orientation 0.00
drill  0.780000
shape_offset  0.000000  0.000000
$EndPAD
$EndMODULE U3

$MODULE U4
reference U4
value OP07CP
footprint OP07CP:DIP794W45P254L959H508Q8
attribut none
position 71.970000 69.520000  orientation 0.00
layer front
$PAD "1"
Shape Rect Layer both
position -3.970000 -3.810000 size  1.130000  1.130000 orientation 0.00
drill  0.780000
shape_offset  0.000000  0.000000
$EndPAD
$PAD "2"
Shape Circle Layer both
position -3.970000 -1.270000 size  1.130000  1.130000 orientation 0.00
drill  0.780000
shape_offset  0.000000  0.000000
$EndPAD
$PAD "3"
Shape Circle Layer both
position -3.970000  1.270000 size  1.130000  1.130000 orientation 0.00
drill  0.780000
shape_offset  0.000000  0.000000
$EndPAD
$PAD "4"
Shape Circle Layer both
position -3.970000  3.810000 size  1.130000  1.130000 orientation 0.00
drill  0.780000
shape_offset  0.000000  0.000000
$EndPAD
$PAD "5"
Shape Circle Layer both
position  3.970000  3.810000 size  1.130000  1.130000 orientation 0.00
drill  0.780000
shape_offset  0.000000  0.000000
$EndPAD
$PAD "6"
Shape Circle Layer both
position  3.970000  1.270000 size  1.130000  1.130000 orientation 0.00
drill  0.780000
shape_offset  0.000000  0.000000
$EndPAD
$PAD "7"
Shape Circle Layer both
position  3.970000 -1.270000 size  1.130000  1.130000 orientation 0.00
drill  0.780000
shape_offset  0.000000  0.000000
$EndPAD
$PAD "8"
Shape Circle Layer both
position  3.970000 -3.810000 size  1.130000  1.130000 orientation 0.00
drill  0.780000
shape_offset  0.000000  0.000000
$EndPAD
$EndMODULE U4

$MODULE U5
reference U5
value OP07CP
footprint OP07CP:DIP794W45P254L959H508Q8
attribut none
position 87.530000 56.750000  orientation 0.00
layer front
$PAD "1"
Shape Rect Layer both
position -3.970000 -3.810000 size  1.130000  1.130000 orientation 0.00
drill  0.780000
shape_offset  0.000000  0.000000
$EndPAD
$PAD "2"
Shape Circle Layer both
position -3.970000 -1.270000 size  1.130000  1.130000 orientation 0.00
drill  0.780000
shape_offset  0.000000  0.000000
$EndPAD
$PAD "3"
Shape Circle Layer both
position -3.970000  1.270000 size  1.130000  1.130000 orientation 0.00
drill  0.780000
shape_offset  0.000000  0.000000
$EndPAD
$PAD "4"
Shape Circle Layer both
position -3.970000  3.810000 size  1.130000  1.130000 orientation 0.00
drill  0.780000
shape_offset  0.000000  0.000000
$EndPAD
$PAD "5"
Shape Circle Layer both
position  3.970000  3.810000 size  1.130000  1.130000 orientation 0.00
drill  0.780000
shape_offset  0.000000  0.000000
$EndPAD
$PAD "6"
Shape Circle Layer both
position  3.970000  1.270000 size  1.130000  1.130000 orientation 0.00
drill  0.780000
shape_offset  0.000000  0.000000
$EndPAD
$PAD "7"
Shape Circle Layer both
position  3.970000 -1.270000 size  1.130000  1.130000 orientation 0.00
drill  0.780000
shape_offset  0.000000  0.000000
$EndPAD
$PAD "8"
Shape Circle Layer both
position  3.970000 -3.810000 size  1.130000  1.130000 orientation 0.00
drill  0.780000
shape_offset  0.000000  0.000000
$EndPAD
$EndMODULE U5

$MODULE U6
reference U6
value OP07CP
footprint OP07CP:DIP794W45P254L959H508Q8
attribut none
position 108.530000 56.520000  orientation 0.00
layer front
$PAD "1"
Shape Rect Layer both
position -3.970000 -3.810000 size  1.130000  1.130000 orientation 0.00
drill  0.780000
shape_offset  0.000000  0.000000
$EndPAD
$PAD "2"
Shape Circle Layer both
position -3.970000 -1.270000 size  1.130000  1.130000 orientation 0.00
drill  0.780000
shape_offset  0.000000  0.000000
$EndPAD
$PAD "3"
Shape Circle Layer both
position -3.970000  1.270000 size  1.130000  1.130000 orientation 0.00
drill  0.780000
shape_offset  0.000000  0.000000
$EndPAD
$PAD "4"
Shape Circle Layer both
position -3.970000  3.810000 size  1.130000  1.130000 orientation 0.00
drill  0.780000
shape_offset  0.000000  0.000000
$EndPAD
$PAD "5"
Shape Circle Layer both
position  3.970000  3.810000 size  1.130000  1.130000 orientation 0.00
drill  0.780000
shape_offset  0.000000  0.000000
$EndPAD
$PAD "6"
Shape Circle Layer both
position  3.970000  1.270000 size  1.130000  1.130000 orientation 0.00
drill  0.780000
shape_offset  0.000000  0.000000
$EndPAD
$PAD "7"
Shape Circle Layer both
position  3.970000 -1.270000 size  1.130000  1.130000 orientation 0.00
drill  0.780000
shape_offset  0.000000  0.000000
$EndPAD
$PAD "8"
Shape Circle Layer both
position  3.970000 -3.810000 size  1.130000  1.130000 orientation 0.00
drill  0.780000
shape_offset  0.000000  0.000000
$EndPAD
$EndMODULE U6

$MODULE U7
reference U7
value OP07CP
footprint OP07CP:DIP794W45P254L959H508Q8
attribut none
position 87.530000 69.560000  orientation 0.00
layer front
$PAD "1"
Shape Rect Layer both
position -3.970000 -3.810000 size  1.130000  1.130000 orientation 0.00
drill  0.780000
shape_offset  0.000000  0.000000
$EndPAD
$PAD "2"
Shape Circle Layer both
position -3.970000 -1.270000 size  1.130000  1.130000 orientation 0.00
drill  0.780000
shape_offset  0.000000  0.000000
$EndPAD
$PAD "3"
Shape Circle Layer both
position -3.970000  1.270000 size  1.130000  1.130000 orientation 0.00
drill  0.780000
shape_offset  0.000000  0.000000
$EndPAD
$PAD "4"
Shape Circle Layer both
position -3.970000  3.810000 size  1.130000  1.130000 orientation 0.00
drill  0.780000
shape_offset  0.000000  0.000000
$EndPAD
$PAD "5"
Shape Circle Layer both
position  3.970000  3.810000 size  1.130000  1.130000 orientation 0.00
drill  0.780000
shape_offset  0.000000  0.000000
$EndPAD
$PAD "6"
Shape Circle Layer both
position  3.970000  1.270000 size  1.130000  1.130000 orientation 0.00
drill  0.780000
shape_offset  0.000000  0.000000
$EndPAD
$PAD "7"
Shape Circle Layer both
position  3.970000 -1.270000 size  1.130000  1.130000 orientation 0.00
drill  0.780000
shape_offset  0.000000  0.000000
$EndPAD
$PAD "8"
Shape Circle Layer both
position  3.970000 -3.810000 size  1.130000  1.130000 orientation 0.00
drill  0.780000
shape_offset  0.000000  0.000000
$EndPAD
$EndMODULE U7

$MODULE VR1
reference VR1
value TL431ACLP
footprint TL431ACLP:VREG_TL431ACLP
attribut none
position 62.000000 72.374814  orientation 180.00
layer front
$PAD "1"
Shape Oval Layer both
position  1.500000  0.000000 size  1.070000  2.140000 orientation 180.00
drill  0.850000
shape_offset  0.000000  0.000000
$EndPAD
$PAD "2"
Shape Oval Layer both
position  0.000000  0.000000 size  1.070000  2.140000 orientation 180.00
drill  0.850000
shape_offset  0.000000  0.000000
$EndPAD
$PAD "3"
Shape Oval Layer both
position -1.500000  0.000000 size  1.070000  2.140000 orientation 180.00
drill  0.850000
shape_offset  0.000000  0.000000
$EndPAD
$EndMODULE VR1

$MODULE VR2
reference VR2
value TL431ACLP
footprint TL431ACLP:VREG_TL431ACLP
attribut none
position 108.500000 66.000000  orientation 180.00
layer front
$PAD "1"
Shape Oval Layer both
position  1.500000  0.000000 size  1.070000  2.140000 orientation 180.00
drill  0.850000
shape_offset  0.000000  0.000000
$EndPAD
$PAD "2"
Shape Oval Layer both
position  0.000000  0.000000 size  1.070000  2.140000 orientation 180.00
drill  0.850000
shape_offset  0.000000  0.000000
$EndPAD
$PAD "3"
Shape Oval Layer both
position -1.500000  0.000000 size  1.070000  2.140000 orientation 180.00
drill  0.850000
shape_offset  0.000000  0.000000
$EndPAD
$EndMODULE VR2

$EndDESCRIPTION
